C51 COMPILER V9.52.0.0   MOTOR                                                             05/17/2014 13:22:10 PAGE 1   


C51 COMPILER V9.52.0.0, COMPILATION OF MODULE MOTOR
OBJECT MODULE PLACED IN MOTOR.OBJ
COMPILER INVOKED BY: C:\Program Files (x86)\keil\C51\BIN\C51.EXE MOTOR.c BROWSE DEBUG OBJECTEXTEND TABS(2)

line level    source

   1          //24 pasos del motor son 1,008 mm
   2          //si 1/32 pasos hace el DRV entonces 768 pasos DRV son 1,008mm
   3          // DELAY_PASOS = velocidad /768 donde velocidad son seg/mm
   4          
   5          #include <AT89X52.H>
   6          #define RECORRIDO 10 //defino la long a recorrer en mm
   7          #define CONDICION 1   //condicion para funcionar
   8          
   9          
  10          extern void PASO();
  11          extern void DELAY_SLEEP();
  12          extern void AVANZAR();
  13          extern void RETROCEDER();
  14          extern void DELAY_PASOS();
  15          extern void AVANZAR_1_PASOM();
  16          extern void AVANZAR_1mm();
  17          extern void PRENDER();
  18          extern void APAGAR();
  19          extern bit ERROR();
  20          extern void RETROCEDER_1mm();
  21          
  22          
  23          //volatile uint8_t dis = 0;
  24          
  25          void MOTOR ()
  26          {
  27   1        char R7=0;
  28   1        
  29   1        if(CONDICION)
  30   1        {
  31   2          if(ERROR()==0)
  32   2          {
  33   3            APAGAR();
  34   3          }
  35   2          else{
  36   3            PRENDER();
  37   3            AVANZAR();
  38   3            DELAY_SLEEP();
  39   3            while(R7<RECORRIDO && ERROR()==1)
  40   3            {
  41   4              AVANZAR_1mm();
  42   4              R7++;
  43   4            }
  44   3            RETROCEDER();
  45   3            R7=0;
  46   3            while(R7<RECORRIDO && ERROR()==1)
  47   3            {
  48   4              RETROCEDER_1mm();
  49   4              R7++;
  50   4            }
  51   3          }
  52   2        }
  53   1        APAGAR();
  54   1      }
  55          
C51 COMPILER V9.52.0.0   MOTOR                                                             05/17/2014 13:22:10 PAGE 2   

  56                


MODULE INFORMATION:   STATIC OVERLAYABLE
   CODE SIZE        =     71    ----
   CONSTANT SIZE    =   ----    ----
   XDATA SIZE       =   ----    ----
   PDATA SIZE       =   ----    ----
   DATA SIZE        =   ----       1
   IDATA SIZE       =   ----    ----
   BIT SIZE         =   ----    ----
END OF MODULE INFORMATION.


C51 COMPILATION COMPLETE.  0 WARNING(S),  0 ERROR(S)
